Arguments: 
  C:\Program Files\nodejs\node.exe C:\Users\enzod\AppData\Roaming\npm\node_modules\yarn\bin\yarn.js add express pg pg-store

PATH: 
  C:\Program Files (x86)\Common Files\Oracle\Java\javapath;C:\ProgramData\Oracle\Java\javapath;C:\Windows\system32;C:\Windows;C:\Windows\System32\Wbem;C:\Windows\System32\WindowsPowerShell\v1.0\;C:\Windows\System32\OpenSSH\;C:\Program Files (x86)\NVIDIA Corporation\PhysX\Common;C:\Program Files\NVIDIA Corporation\NVIDIA NvDLISR;C:\Program Files\Microsoft SQL Server\130\Tools\Binn\;D:\DOWNLOADS\Java\bin;D:\Microsoft VS Code\mingw32\bin;D:\Program Files (x86)\Git\cmd;D:\Program Files (x86)\Git\mingw64\bin;D:\Program Files (x86)\Git\usr\bin;C:\WINDOWS\system32;C:\WINDOWS;C:\WINDOWS\System32\Wbem;C:\WINDOWS\System32\WindowsPowerShell\v1.0\;C:\WINDOWS\System32\OpenSSH\;C:\Program Files\nodejs\;C:\Program Files\Java\jre1.8.0_111\bin;C:\Users\enzod\AppData\Local\Programs\Python\Python38-32\Scripts\;C:\Users\enzod\AppData\Local\Programs\Python\Python38-32\;C:\Users\enzod\AppData\Local\Microsoft\WindowsApps;D:\DOWNLOADS\apache-maven-3.6.3\bin;D:\DOWNLOADS\IntelliJ IDEA Community Edition 2019.3.4\bin;;D:\DOWNLOADS\Java\bin;;D:\Microsoft VS Code\bin;C:\Users\enzod\AppData\Roaming\npm

Yarn version: 
  1.22.10

Node version: 
  14.15.5

Platform: 
  win32 x64

Trace: 
  Error: https://registry.yarnpkg.com/pg-store: Not found
      at Request.params.callback [as _callback] (C:\Users\enzod\AppData\Roaming\npm\node_modules\yarn\lib\cli.js:66988:18)
      at Request.self.callback (C:\Users\enzod\AppData\Roaming\npm\node_modules\yarn\lib\cli.js:140662:22)
      at Request.emit (events.js:315:20)
      at Request.<anonymous> (C:\Users\enzod\AppData\Roaming\npm\node_modules\yarn\lib\cli.js:141634:10)
      at Request.emit (events.js:315:20)
      at IncomingMessage.<anonymous> (C:\Users\enzod\AppData\Roaming\npm\node_modules\yarn\lib\cli.js:141556:12)
      at Object.onceWrapper (events.js:421:28)
      at IncomingMessage.emit (events.js:327:22)
      at endReadableNT (internal/streams/readable.js:1327:12)
      at processTicksAndRejections (internal/process/task_queues.js:80:21)

npm manifest: 
  {
    "name": "sqlNode",
    "version": "1.0.0",
    "main": "index.js",
    "license": "MIT"
  }

yarn manifest: 
  No manifest

Lockfile: 
  No lockfile
